  [1m[36m (4.8ms)[0m  [1mCREATE TABLE `schema_migrations` (`version` varchar(255) NOT NULL) ENGINE=InnoDB[0m
  [1m[35m (13.4ms)[0m  CREATE UNIQUE INDEX `unique_schema_migrations`  ON `schema_migrations` (`version`) 
  [1m[36mActiveRecord::SchemaMigration Load (0.2ms)[0m  [1mSELECT `schema_migrations`.* FROM `schema_migrations`[0m
Migrating to CreateUnofficials (20170413180112)
  [1m[35m (5.8ms)[0m  CREATE TABLE `unofficials` (`id` int(11) auto_increment PRIMARY KEY, `homework` varchar(255), `description` text, `subject` varchar(255), `assigned_by` varchar(255), `assigned_in` date, `assigned_for` date, `created_at` datetime NOT NULL, `updated_at` datetime NOT NULL) ENGINE=InnoDB
  [1m[36m (0.2ms)[0m  [1mBEGIN[0m
  [1m[35mSQL (0.3ms)[0m  INSERT INTO `schema_migrations` (`version`) VALUES ('20170413180112')
  [1m[36m (1.3ms)[0m  [1mCOMMIT[0m
  [1m[35mActiveRecord::SchemaMigration Load (0.3ms)[0m  SELECT `schema_migrations`.* FROM `schema_migrations`
  [1m[36m (0.3ms)[0m  [1mSELECT fk.referenced_table_name as 'to_table'
      ,fk.referenced_column_name as 'primary_key'
      ,fk.column_name as 'column'
      ,fk.constraint_name as 'name'
FROM information_schema.key_column_usage fk
WHERE fk.referenced_column_name is not null
  AND fk.table_schema = 'homework_development'
  AND fk.table_name = 'unofficials'
[0m
  [1m[35m (0.2ms)[0m  SHOW CREATE TABLE `unofficials`


Started GET "/homework" for 127.0.0.1 at 2017-04-13 20:01:44 +0200
  [1m[36mActiveRecord::SchemaMigration Load (0.2ms)[0m  [1mSELECT `schema_migrations`.* FROM `schema_migrations`[0m

ActionController::RoutingError (No route matches [GET] "/homework"):
  actionpack (4.2.6) lib/action_dispatch/middleware/debug_exceptions.rb:21:in `call'
  web-console (2.3.0) lib/web_console/middleware.rb:28:in `block in call'
  web-console (2.3.0) lib/web_console/middleware.rb:18:in `catch'
  web-console (2.3.0) lib/web_console/middleware.rb:18:in `call'
  actionpack (4.2.6) lib/action_dispatch/middleware/show_exceptions.rb:30:in `call'
  railties (4.2.6) lib/rails/rack/logger.rb:38:in `call_app'
  railties (4.2.6) lib/rails/rack/logger.rb:20:in `block in call'
  activesupport (4.2.6) lib/active_support/tagged_logging.rb:68:in `block in tagged'
  activesupport (4.2.6) lib/active_support/tagged_logging.rb:26:in `tagged'
  activesupport (4.2.6) lib/active_support/tagged_logging.rb:68:in `tagged'
  railties (4.2.6) lib/rails/rack/logger.rb:20:in `call'
  actionpack (4.2.6) lib/action_dispatch/middleware/request_id.rb:21:in `call'
  rack (1.6.5) lib/rack/methodoverride.rb:22:in `call'
  rack (1.6.5) lib/rack/runtime.rb:18:in `call'
  activesupport (4.2.6) lib/active_support/cache/strategy/local_cache_middleware.rb:28:in `call'
  rack (1.6.5) lib/rack/lock.rb:17:in `call'
  actionpack (4.2.6) lib/action_dispatch/middleware/static.rb:120:in `call'
  rack (1.6.5) lib/rack/sendfile.rb:113:in `call'
  railties (4.2.6) lib/rails/engine.rb:518:in `call'
  railties (4.2.6) lib/rails/application.rb:165:in `call'
  rack (1.6.5) lib/rack/lock.rb:17:in `call'
  rack (1.6.5) lib/rack/content_length.rb:15:in `call'
  rack (1.6.5) lib/rack/handler/webrick.rb:88:in `service'
  /usr/local/lib/ruby/2.2.0/webrick/httpserver.rb:138:in `service'
  /usr/local/lib/ruby/2.2.0/webrick/httpserver.rb:94:in `run'
  /usr/local/lib/ruby/2.2.0/webrick/server.rb:294:in `block in start_thread'


  Rendered /usr/local/lib/ruby/gems/2.2.0/gems/actionpack-4.2.6/lib/action_dispatch/middleware/templates/rescues/_trace.html.erb (1.6ms)
  Rendered /usr/local/lib/ruby/gems/2.2.0/gems/actionpack-4.2.6/lib/action_dispatch/middleware/templates/routes/_route.html.erb (1.1ms)
  Rendered /usr/local/lib/ruby/gems/2.2.0/gems/actionpack-4.2.6/lib/action_dispatch/middleware/templates/routes/_table.html.erb (12.9ms)
  Rendered /usr/local/lib/ruby/gems/2.2.0/gems/actionpack-4.2.6/lib/action_dispatch/middleware/templates/rescues/_request_and_response.html.erb (11.0ms)
  Rendered /usr/local/lib/ruby/gems/2.2.0/gems/actionpack-4.2.6/lib/action_dispatch/middleware/templates/rescues/routing_error.html.erb within rescues/layout (84.7ms)
  Rendered /usr/local/lib/ruby/gems/2.2.0/gems/web-console-2.3.0/lib/web_console/templates/_markup.html.erb (0.4ms)
  Rendered /usr/local/lib/ruby/gems/2.2.0/gems/web-console-2.3.0/lib/web_console/templates/_inner_console_markup.html.erb within layouts/inlined_string (0.4ms)
  Rendered /usr/local/lib/ruby/gems/2.2.0/gems/web-console-2.3.0/lib/web_console/templates/_prompt_box_markup.html.erb within layouts/inlined_string (0.4ms)
  Rendered /usr/local/lib/ruby/gems/2.2.0/gems/web-console-2.3.0/lib/web_console/templates/style.css.erb within layouts/inlined_string (0.4ms)
  Rendered /usr/local/lib/ruby/gems/2.2.0/gems/web-console-2.3.0/lib/web_console/templates/console.js.erb within layouts/javascript (47.3ms)
  Rendered /usr/local/lib/ruby/gems/2.2.0/gems/web-console-2.3.0/lib/web_console/templates/main.js.erb within layouts/javascript (0.3ms)
  Rendered /usr/local/lib/ruby/gems/2.2.0/gems/web-console-2.3.0/lib/web_console/templates/error_page.js.erb within layouts/javascript (0.5ms)
  Rendered /usr/local/lib/ruby/gems/2.2.0/gems/web-console-2.3.0/lib/web_console/templates/index.html.erb (93.9ms)


Started GET "/unofficials" for 127.0.0.1 at 2017-04-13 20:01:50 +0200
Processing by UnofficialsController#index as HTML
  [1m[35mUnofficial Load (0.3ms)[0m  SELECT `unofficials`.* FROM `unofficials`
  Rendered unofficials/index.html.erb within layouts/application (6.1ms)
Completed 200 OK in 793ms (Views: 786.0ms | ActiveRecord: 3.4ms)


Started GET "/assets/unofficials.self-e3b0c44298fc1c149afbf4c8996fb92427ae41e4649b934ca495991b7852b855.css?body=1" for 127.0.0.1 at 2017-04-13 20:01:51 +0200


Started GET "/assets/unofficials.self-877aef30ae1b040ab8a3aba4e3e309a11d7f2612f44dde450b5c157aa5f95c05.js?body=1" for 127.0.0.1 at 2017-04-13 20:01:51 +0200


Started GET "/unofficials" for 127.0.0.1 at 2017-04-13 21:08:42 +0200
  [1m[36mActiveRecord::SchemaMigration Load (0.2ms)[0m  [1mSELECT `schema_migrations`.* FROM `schema_migrations`[0m
Processing by UnofficialsController#index as HTML
  [1m[35mUnofficial Load (0.2ms)[0m  SELECT `unofficials`.* FROM `unofficials`
  Rendered unofficials/index.html.erb within layouts/application (8.1ms)
Completed 200 OK in 274ms (Views: 256.5ms | ActiveRecord: 2.9ms)


Started GET "/unofficials" for 127.0.0.1 at 2017-04-13 21:14:25 +0200
  [1m[36mActiveRecord::SchemaMigration Load (0.3ms)[0m  [1mSELECT `schema_migrations`.* FROM `schema_migrations`[0m
Processing by UnofficialsController#index as HTML
  [1m[35mUnofficial Load (0.2ms)[0m  SELECT `unofficials`.* FROM `unofficials`
  Rendered unofficials/index.html.erb (7.5ms)
Completed 200 OK in 33ms (Views: 17.7ms | ActiveRecord: 2.9ms)


Started GET "/unofficials/new" for 127.0.0.1 at 2017-04-13 21:14:40 +0200
Processing by UnofficialsController#new as HTML
  Rendered unofficials/_form.html.erb (42.2ms)
  Rendered unofficials/new.html.erb (51.8ms)
Completed 200 OK in 64ms (Views: 54.4ms | ActiveRecord: 0.6ms)


Started GET "/unofficials" for 127.0.0.1 at 2017-04-13 21:15:23 +0200
Processing by UnofficialsController#index as HTML
  [1m[36mUnofficial Load (0.5ms)[0m  [1mSELECT `unofficials`.* FROM `unofficials`[0m
  Rendered unofficials/index.html.erb (3.4ms)
Completed 200 OK in 11ms (Views: 8.7ms | ActiveRecord: 0.5ms)


Started GET "/unofficials" for 127.0.0.1 at 2017-04-13 21:18:26 +0200
  [1m[36mActiveRecord::SchemaMigration Load (0.2ms)[0m  [1mSELECT `schema_migrations`.* FROM `schema_migrations`[0m
Processing by UnofficialsController#index as HTML
  [1m[35mUnofficial Load (0.2ms)[0m  SELECT `unofficials`.* FROM `unofficials`
  Rendered unofficials/index.html.erb within layouts/application (10.0ms)
Completed 200 OK in 42ms (Views: 24.2ms | ActiveRecord: 3.4ms)


Started GET "/unofficials" for 127.0.0.1 at 2017-04-13 21:28:10 +0200
  [1m[36mActiveRecord::SchemaMigration Load (0.2ms)[0m  [1mSELECT `schema_migrations`.* FROM `schema_migrations`[0m
Processing by UnofficialsController#index as HTML
  [1m[35mUnofficial Load (0.2ms)[0m  SELECT `unofficials`.* FROM `unofficials`
  Rendered unofficials/index.html.erb within layouts/application (8.1ms)
Completed 200 OK in 36ms (Views: 19.7ms | ActiveRecord: 3.3ms)


Started GET "/unofficials/new" for 127.0.0.1 at 2017-04-13 21:28:21 +0200
Processing by UnofficialsController#new as HTML
  Rendered unofficials/_form.html.erb (43.0ms)
  Rendered unofficials/new.html.erb within layouts/application (51.6ms)
Completed 200 OK in 66ms (Views: 55.4ms | ActiveRecord: 1.2ms)


Started GET "/unofficials" for 127.0.0.1 at 2017-04-13 21:33:44 +0200
  [1m[36mActiveRecord::SchemaMigration Load (0.2ms)[0m  [1mSELECT `schema_migrations`.* FROM `schema_migrations`[0m
Processing by UnofficialsController#index as HTML
  [1m[35mUnofficial Load (0.2ms)[0m  SELECT `unofficials`.* FROM `unofficials`
  Rendered unofficials/index.html.erb within layouts/application (9.5ms)
Completed 200 OK in 40ms (Views: 20.7ms | ActiveRecord: 3.7ms)
  [1m[36mActiveRecord::SchemaMigration Load (0.2ms)[0m  [1mSELECT `schema_migrations`.* FROM `schema_migrations`[0m
  [1m[35mActiveRecord::SchemaMigration Load (0.2ms)[0m  SELECT `schema_migrations`.* FROM `schema_migrations`
  [1m[36m (0.3ms)[0m  [1mSELECT fk.referenced_table_name as 'to_table'
      ,fk.referenced_column_name as 'primary_key'
      ,fk.column_name as 'column'
      ,fk.constraint_name as 'name'
FROM information_schema.key_column_usage fk
WHERE fk.referenced_column_name is not null
  AND fk.table_schema = 'homework_development'
  AND fk.table_name = 'unofficials'
[0m
  [1m[35m (0.2ms)[0m  SHOW CREATE TABLE `unofficials`
  [1m[36m (0.2ms)[0m  [1mSELECT fk.referenced_table_name as 'to_table'
      ,fk.referenced_column_name as 'primary_key'
      ,fk.column_name as 'column'
      ,fk.constraint_name as 'name'
FROM information_schema.key_column_usage fk
WHERE fk.referenced_column_name is not null
  AND fk.table_schema = 'homework_development'
  AND fk.table_name = 'users'
[0m
  [1m[35m (0.2ms)[0m  SHOW CREATE TABLE `users`


Started GET "/unofficials" for 127.0.0.1 at 2017-04-14 10:40:59 +0200
  [1m[36mActiveRecord::SchemaMigration Load (0.2ms)[0m  [1mSELECT `schema_migrations`.* FROM `schema_migrations`[0m
Processing by UnofficialsController#index as HTML
  [1m[35mUnofficial Load (0.2ms)[0m  SELECT `unofficials`.* FROM `unofficials`
  Rendered unofficials/index.html.erb within layouts/application (7.8ms)
Completed 200 OK in 38ms (Views: 20.4ms | ActiveRecord: 3.1ms)
  [1m[36mActiveRecord::SchemaMigration Load (0.3ms)[0m  [1mSELECT `schema_migrations`.* FROM `schema_migrations`[0m
Migrating to DeviseCreateUsers (20170414084333)
  [1m[35m (0.6ms)[0m  CREATE TABLE `users` (`id` int(11) auto_increment PRIMARY KEY, `email` varchar(255) DEFAULT '' NOT NULL, `encrypted_password` varchar(255) DEFAULT '' NOT NULL, `reset_password_token` varchar(255), `reset_password_sent_at` datetime, `remember_created_at` datetime, `sign_in_count` int(11) DEFAULT 0 NOT NULL, `current_sign_in_at` datetime, `last_sign_in_at` datetime, `current_sign_in_ip` varchar(255), `last_sign_in_ip` varchar(255), `created_at` datetime NOT NULL, `updated_at` datetime NOT NULL) ENGINE=InnoDB
  [1m[36m (3.7ms)[0m  [1mCREATE TABLE `schema_migrations` (`version` varchar(255) NOT NULL) ENGINE=InnoDB[0m
  [1m[35m (9.2ms)[0m  CREATE UNIQUE INDEX `unique_schema_migrations`  ON `schema_migrations` (`version`) 
  [1m[36mActiveRecord::SchemaMigration Load (0.2ms)[0m  [1mSELECT `schema_migrations`.* FROM `schema_migrations`[0m
Migrating to CreateUnofficials (20170413180112)
  [1m[35m (5.3ms)[0m  CREATE TABLE `unofficials` (`id` int(11) auto_increment PRIMARY KEY, `homework` varchar(255), `description` text, `subject` varchar(255), `assigned_by` varchar(255), `assigned_in` date, `assigned_for` date, `created_at` datetime NOT NULL, `updated_at` datetime NOT NULL) ENGINE=InnoDB
  [1m[36m (0.1ms)[0m  [1mBEGIN[0m
  [1m[35mSQL (0.3ms)[0m  INSERT INTO `schema_migrations` (`version`) VALUES ('20170413180112')
  [1m[36m (1.1ms)[0m  [1mCOMMIT[0m
Migrating to DeviseCreateUsers (20170414084333)
  [1m[35m (3.8ms)[0m  CREATE TABLE `users` (`id` int(11) auto_increment PRIMARY KEY, `email` varchar(255) DEFAULT '' NOT NULL, `encrypted_password` varchar(255) DEFAULT '' NOT NULL, `reset_password_token` varchar(255), `reset_password_sent_at` datetime, `remember_created_at` datetime, `sign_in_count` int(11) DEFAULT 0 NOT NULL, `current_sign_in_at` datetime, `last_sign_in_at` datetime, `current_sign_in_ip` varchar(255), `last_sign_in_ip` varchar(255), `created_at` datetime NOT NULL, `updated_at` datetime NOT NULL) ENGINE=InnoDB
  [1m[36m (10.7ms)[0m  [1mCREATE UNIQUE INDEX `index_users_on_email`  ON `users` (`email`) [0m
  [1m[35m (11.3ms)[0m  CREATE UNIQUE INDEX `index_users_on_reset_password_token`  ON `users` (`reset_password_token`) 
  [1m[36m (0.2ms)[0m  [1mBEGIN[0m
  [1m[35mSQL (0.2ms)[0m  INSERT INTO `schema_migrations` (`version`) VALUES ('20170414084333')
  [1m[36m (1.3ms)[0m  [1mCOMMIT[0m
  [1m[35mActiveRecord::SchemaMigration Load (0.4ms)[0m  SELECT `schema_migrations`.* FROM `schema_migrations`
  [1m[36m (0.2ms)[0m  [1mSELECT fk.referenced_table_name as 'to_table'
      ,fk.referenced_column_name as 'primary_key'
      ,fk.column_name as 'column'
      ,fk.constraint_name as 'name'
FROM information_schema.key_column_usage fk
WHERE fk.referenced_column_name is not null
  AND fk.table_schema = 'homework_development'
  AND fk.table_name = 'unofficials'
[0m
  [1m[35m (0.1ms)[0m  SHOW CREATE TABLE `unofficials`
  [1m[36m (0.2ms)[0m  [1mSELECT fk.referenced_table_name as 'to_table'
      ,fk.referenced_column_name as 'primary_key'
      ,fk.column_name as 'column'
      ,fk.constraint_name as 'name'
FROM information_schema.key_column_usage fk
WHERE fk.referenced_column_name is not null
  AND fk.table_schema = 'homework_development'
  AND fk.table_name = 'users'
[0m
  [1m[35m (0.1ms)[0m  SHOW CREATE TABLE `users`


Started GET "/unofficials" for 127.0.0.1 at 2017-04-14 10:46:23 +0200
  [1m[36mActiveRecord::SchemaMigration Load (0.2ms)[0m  [1mSELECT `schema_migrations`.* FROM `schema_migrations`[0m
Processing by UnofficialsController#index as HTML
  [1m[35mUser Load (0.4ms)[0m  SELECT  `users`.* FROM `users` WHERE `users`.`id` = 2  ORDER BY `users`.`id` ASC LIMIT 1
Completed 401 Unauthorized in 38ms (ActiveRecord: 5.2ms)


Started GET "/unofficials" for 127.0.0.1 at 2017-04-14 10:46:27 +0200
Processing by UnofficialsController#index as HTML
  [1m[36mUser Load (0.2ms)[0m  [1mSELECT  `users`.* FROM `users` WHERE `users`.`id` = 2  ORDER BY `users`.`id` ASC LIMIT 1[0m
Completed 401 Unauthorized in 2ms (ActiveRecord: 0.2ms)


Started GET "/users/sign_in" for 127.0.0.1 at 2017-04-14 10:46:27 +0200
Processing by Devise::SessionsController#new as HTML
  Rendered /usr/local/lib/ruby/gems/2.2.0/gems/devise-4.2.1/app/views/devise/shared/_links.html.erb (1.5ms)
  Rendered /usr/local/lib/ruby/gems/2.2.0/gems/devise-4.2.1/app/views/devise/sessions/new.html.erb within layouts/application (49.8ms)
Completed 200 OK in 84ms (Views: 71.4ms | ActiveRecord: 0.0ms)


Started POST "/users/sign_in" for 127.0.0.1 at 2017-04-14 10:46:29 +0200
Processing by Devise::SessionsController#create as HTML
  Parameters: {"utf8"=>"✓", "authenticity_token"=>"kBzjqm3IgltcJcZpqCtOKh7ePax5GbFrzdp4ZfLYlVou/euuB2d/UQYo2HR22Nu74QvBH1+wQ1lkkd0p56iqBg==", "user"=>{"email"=>"pompeigregorio@gmail.com", "password"=>"[FILTERED]", "remember_me"=>"0"}, "commit"=>"Log in"}
  [1m[35mUser Load (0.5ms)[0m  SELECT  `users`.* FROM `users` WHERE `users`.`email` = 'pompeigregorio@gmail.com'  ORDER BY `users`.`id` ASC LIMIT 1
Completed 401 Unauthorized in 4ms (ActiveRecord: 0.5ms)
Processing by Devise::SessionsController#new as HTML
  Parameters: {"utf8"=>"✓", "authenticity_token"=>"kBzjqm3IgltcJcZpqCtOKh7ePax5GbFrzdp4ZfLYlVou/euuB2d/UQYo2HR22Nu74QvBH1+wQ1lkkd0p56iqBg==", "user"=>{"email"=>"pompeigregorio@gmail.com", "password"=>"[FILTERED]", "remember_me"=>"0"}, "commit"=>"Log in"}
  Rendered /usr/local/lib/ruby/gems/2.2.0/gems/devise-4.2.1/app/views/devise/shared/_links.html.erb (0.3ms)
  Rendered /usr/local/lib/ruby/gems/2.2.0/gems/devise-4.2.1/app/views/devise/sessions/new.html.erb within layouts/application (4.0ms)
Completed 200 OK in 162ms (Views: 9.3ms | ActiveRecord: 0.0ms)


Started POST "/users/sign_in" for 127.0.0.1 at 2017-04-14 10:46:31 +0200
Processing by Devise::SessionsController#create as HTML
  Parameters: {"utf8"=>"✓", "authenticity_token"=>"eKV+ksoOOozVwMm8zSR93qKinrC2rXhnF7TOD/K0T7rGRHaWoKHHho/N16ET1+hPXXdiA5AEilW+/2tD58Rw5g==", "user"=>{"email"=>"pompeigregorio@gmail.com", "password"=>"[FILTERED]", "remember_me"=>"0"}, "commit"=>"Log in"}
  [1m[36mUser Load (0.2ms)[0m  [1mSELECT  `users`.* FROM `users` WHERE `users`.`email` = 'pompeigregorio@gmail.com'  ORDER BY `users`.`id` ASC LIMIT 1[0m
Completed 401 Unauthorized in 2ms (ActiveRecord: 0.2ms)
Processing by Devise::SessionsController#new as HTML
  Parameters: {"utf8"=>"✓", "authenticity_token"=>"eKV+ksoOOozVwMm8zSR93qKinrC2rXhnF7TOD/K0T7rGRHaWoKHHho/N16ET1+hPXXdiA5AEilW+/2tD58Rw5g==", "user"=>{"email"=>"pompeigregorio@gmail.com", "password"=>"[FILTERED]", "remember_me"=>"0"}, "commit"=>"Log in"}
  Rendered /usr/local/lib/ruby/gems/2.2.0/gems/devise-4.2.1/app/views/devise/shared/_links.html.erb (0.3ms)
  Rendered /usr/local/lib/ruby/gems/2.2.0/gems/devise-4.2.1/app/views/devise/sessions/new.html.erb within layouts/application (4.0ms)
Completed 200 OK in 151ms (Views: 9.4ms | ActiveRecord: 0.0ms)


Started POST "/users/sign_in" for 127.0.0.1 at 2017-04-14 10:51:48 +0200
  [1m[36mActiveRecord::SchemaMigration Load (0.3ms)[0m  [1mSELECT `schema_migrations`.* FROM `schema_migrations`[0m
Processing by Devise::SessionsController#create as HTML
  Parameters: {"utf8"=>"✓", "authenticity_token"=>"eKV+ksoOOozVwMm8zSR93qKinrC2rXhnF7TOD/K0T7rGRHaWoKHHho/N16ET1+hPXXdiA5AEilW+/2tD58Rw5g==", "user"=>{"email"=>"pompeigregorio@gmail.com", "password"=>"[FILTERED]", "remember_me"=>"0"}, "commit"=>"Log in"}
  [1m[35mUser Load (0.2ms)[0m  SELECT  `users`.* FROM `users` WHERE `users`.`email` = 'pompeigregorio@gmail.com'  ORDER BY `users`.`id` ASC LIMIT 1
Completed 401 Unauthorized in 33ms (ActiveRecord: 3.8ms)
Processing by Devise::SessionsController#new as HTML
  Parameters: {"utf8"=>"✓", "authenticity_token"=>"eKV+ksoOOozVwMm8zSR93qKinrC2rXhnF7TOD/K0T7rGRHaWoKHHho/N16ET1+hPXXdiA5AEilW+/2tD58Rw5g==", "user"=>{"email"=>"pompeigregorio@gmail.com", "password"=>"[FILTERED]", "remember_me"=>"0"}, "commit"=>"Log in"}
  Rendered /usr/local/lib/ruby/gems/2.2.0/gems/devise-4.2.1/app/views/devise/shared/_links.html.erb (1.4ms)
  Rendered /usr/local/lib/ruby/gems/2.2.0/gems/devise-4.2.1/app/views/devise/sessions/new.html.erb within layouts/application (50.2ms)
Completed 200 OK in 230ms (Views: 68.0ms | ActiveRecord: 0.0ms)


Started GET "/users/sign_up" for 127.0.0.1 at 2017-04-14 10:51:53 +0200
Processing by Devise::RegistrationsController#new as HTML
  Rendered /usr/local/lib/ruby/gems/2.2.0/gems/devise-4.2.1/app/views/devise/shared/_links.html.erb (0.6ms)
  Rendered /usr/local/lib/ruby/gems/2.2.0/gems/devise-4.2.1/app/views/devise/registrations/new.html.erb within layouts/application (7.1ms)
Completed 200 OK in 20ms (Views: 17.7ms | ActiveRecord: 0.0ms)


Started POST "/users" for 127.0.0.1 at 2017-04-14 10:51:58 +0200
Processing by Devise::RegistrationsController#create as HTML
  Parameters: {"utf8"=>"✓", "authenticity_token"=>"GANFB9B1HehdDH5yVmDHVgjQaEPgKMRpe0PJjKP90Imm4k0Dutrg4gcBYG+Ik1LH9wWU8MaBNlvSCGzAto3v1Q==", "user"=>{"email"=>"pompeigregorio@gmail.com", "password"=>"[FILTERED]", "password_confirmation"=>"[FILTERED]"}, "commit"=>"Sign up"}
  [1m[36m (0.1ms)[0m  [1mBEGIN[0m
  [1m[35mUser Exists (0.4ms)[0m  SELECT  1 AS one FROM `users` WHERE `users`.`email` = BINARY 'pompeigregorio@gmail.com' LIMIT 1
  [1m[36mSQL (0.4ms)[0m  [1mINSERT INTO `users` (`email`, `encrypted_password`, `created_at`, `updated_at`) VALUES ('pompeigregorio@gmail.com', '$2a$11$HRU0BVR8m.m62AkipNd/b.KAujR81mIEh9ZfNwrpHJRgRpQ8VowW2', '2017-04-14 08:51:58', '2017-04-14 08:51:58')[0m
  [1m[35m (1.5ms)[0m  COMMIT
  [1m[36m (0.2ms)[0m  [1mBEGIN[0m
  [1m[35mSQL (0.4ms)[0m  UPDATE `users` SET `last_sign_in_at` = '2017-04-14 08:51:58', `current_sign_in_at` = '2017-04-14 08:51:58', `last_sign_in_ip` = '127.0.0.1', `current_sign_in_ip` = '127.0.0.1', `sign_in_count` = 1, `updated_at` = '2017-04-14 08:51:58' WHERE `users`.`id` = 1
  [1m[36m (1.2ms)[0m  [1mCOMMIT[0m
Redirected to http://localhost:3000/unofficials
Completed 302 Found in 175ms (ActiveRecord: 4.2ms)


Started GET "/unofficials" for 127.0.0.1 at 2017-04-14 10:51:58 +0200
Processing by UnofficialsController#index as HTML
  [1m[35mUser Load (0.5ms)[0m  SELECT  `users`.* FROM `users` WHERE `users`.`id` = 1  ORDER BY `users`.`id` ASC LIMIT 1
  [1m[36mUnofficial Load (0.4ms)[0m  [1mSELECT `unofficials`.* FROM `unofficials`[0m
  Rendered unofficials/index.html.erb within layouts/application (6.4ms)
Completed 200 OK in 18ms (Views: 8.0ms | ActiveRecord: 4.6ms)


Started GET "/unofficials" for 127.0.0.1 at 2017-04-14 10:54:56 +0200
  [1m[36mActiveRecord::SchemaMigration Load (0.2ms)[0m  [1mSELECT `schema_migrations`.* FROM `schema_migrations`[0m
Processing by UnofficialsController#index as HTML
  [1m[35mUser Load (0.2ms)[0m  SELECT  `users`.* FROM `users` WHERE `users`.`id` = 1  ORDER BY `users`.`id` ASC LIMIT 1
  [1m[36mUnofficial Load (0.1ms)[0m  [1mSELECT `unofficials`.* FROM `unofficials`[0m
  Rendered unofficials/index.html.erb within layouts/application (8.5ms)
Completed 200 OK in 322ms (Views: 275.3ms | ActiveRecord: 7.2ms)


Started GET "/unofficials" for 127.0.0.1 at 2017-04-14 10:54:59 +0200
Processing by UnofficialsController#index as HTML
  [1m[35mUser Load (0.3ms)[0m  SELECT  `users`.* FROM `users` WHERE `users`.`id` = 1  ORDER BY `users`.`id` ASC LIMIT 1
  [1m[36mUnofficial Load (0.4ms)[0m  [1mSELECT `unofficials`.* FROM `unofficials`[0m
  Rendered unofficials/index.html.erb within layouts/application (1.8ms)
Completed 200 OK in 27ms (Views: 21.4ms | ActiveRecord: 0.6ms)


Started GET "/unofficials" for 127.0.0.1 at 2017-04-14 10:55:00 +0200
Processing by UnofficialsController#index as HTML
  [1m[35mUser Load (0.2ms)[0m  SELECT  `users`.* FROM `users` WHERE `users`.`id` = 1  ORDER BY `users`.`id` ASC LIMIT 1
  [1m[36mUnofficial Load (0.3ms)[0m  [1mSELECT `unofficials`.* FROM `unofficials`[0m
  Rendered unofficials/index.html.erb within layouts/application (1.9ms)
Completed 200 OK in 33ms (Views: 30.6ms | ActiveRecord: 0.5ms)


Started DELETE "/users/sign_out" for 127.0.0.1 at 2017-04-14 10:55:02 +0200
Processing by Devise::SessionsController#destroy as HTML
  Parameters: {"authenticity_token"=>"wARzwvzhRQ4Fb7SN5kon/O1GL4M7DOe43n63j6P8/xh+5XvGlk64BF9iqpA4ubJtEpPTMB2lFYp3NRLDtozARA=="}
  [1m[35mUser Load (0.4ms)[0m  SELECT  `users`.* FROM `users` WHERE `users`.`id` = 1  ORDER BY `users`.`id` ASC LIMIT 1
  [1m[36m (0.1ms)[0m  [1mBEGIN[0m
  [1m[35m (0.2ms)[0m  COMMIT
Redirected to http://localhost:3000/
Completed 302 Found in 48ms (ActiveRecord: 0.6ms)


Started GET "/" for 127.0.0.1 at 2017-04-14 10:55:02 +0200
Processing by UnofficialsController#index as HTML
Completed 401 Unauthorized in 4ms (ActiveRecord: 0.0ms)


Started GET "/users/sign_in" for 127.0.0.1 at 2017-04-14 10:55:02 +0200
Processing by Devise::SessionsController#new as HTML
  Rendered /usr/local/lib/ruby/gems/2.2.0/gems/devise-4.2.1/app/views/devise/shared/_links.html.erb (1.3ms)
  Rendered /usr/local/lib/ruby/gems/2.2.0/gems/devise-4.2.1/app/views/devise/sessions/new.html.erb within layouts/application (46.7ms)
Completed 200 OK in 79ms (Views: 75.6ms | ActiveRecord: 0.0ms)


Started POST "/users/sign_in" for 127.0.0.1 at 2017-04-14 10:55:05 +0200
Processing by Devise::SessionsController#create as HTML
  Parameters: {"utf8"=>"✓", "authenticity_token"=>"Xcv5cvTkFhO6wynWKsOKQILBdTFiaOwUUmn1Vjdmlblf5MrAiU08DnwFEFXsOEbP5yRD2wIHl7CvikaN7B18QQ==", "user"=>{"email"=>"pompeigregorio@gmail.com", "password"=>"[FILTERED]", "remember_me"=>"0"}, "commit"=>"Log in"}
  [1m[36mUser Load (1.1ms)[0m  [1mSELECT  `users`.* FROM `users` WHERE `users`.`email` = 'pompeigregorio@gmail.com'  ORDER BY `users`.`id` ASC LIMIT 1[0m
  [1m[35m (0.2ms)[0m  BEGIN
  [1m[36mSQL (0.4ms)[0m  [1mUPDATE `users` SET `current_sign_in_at` = '2017-04-14 08:55:06', `sign_in_count` = 2, `updated_at` = '2017-04-14 08:55:06' WHERE `users`.`id` = 1[0m
  [1m[35m (1.2ms)[0m  COMMIT
Redirected to http://localhost:3000/
Completed 302 Found in 176ms (ActiveRecord: 2.8ms)


Started GET "/" for 127.0.0.1 at 2017-04-14 10:55:06 +0200
Processing by UnofficialsController#index as HTML
  [1m[36mUser Load (0.5ms)[0m  [1mSELECT  `users`.* FROM `users` WHERE `users`.`id` = 1  ORDER BY `users`.`id` ASC LIMIT 1[0m
  [1m[35mUnofficial Load (0.2ms)[0m  SELECT `unofficials`.* FROM `unofficials`
  Rendered unofficials/index.html.erb within layouts/application (2.2ms)
Completed 200 OK in 44ms (Views: 39.4ms | ActiveRecord: 0.6ms)


Started DELETE "/users/sign_out" for 127.0.0.1 at 2017-04-14 10:55:07 +0200
Processing by Devise::SessionsController#destroy as HTML
  Parameters: {"authenticity_token"=>"E8VKRYr2mPW+PiHiyhMP7jX6ihiQraoOvyGq9T09MDkNNZpVj+uXFK9XWWAMy8NevfZXnecKf1ridIdGxiufuQ=="}
  [1m[36mUser Load (0.2ms)[0m  [1mSELECT  `users`.* FROM `users` WHERE `users`.`id` = 1  ORDER BY `users`.`id` ASC LIMIT 1[0m
  [1m[35m (0.2ms)[0m  BEGIN
  [1m[36m (0.2ms)[0m  [1mCOMMIT[0m
Redirected to http://localhost:3000/
Completed 302 Found in 9ms (ActiveRecord: 0.6ms)


Started GET "/" for 127.0.0.1 at 2017-04-14 10:55:07 +0200
Processing by UnofficialsController#index as HTML
Completed 401 Unauthorized in 1ms (ActiveRecord: 0.0ms)


Started GET "/users/sign_in" for 127.0.0.1 at 2017-04-14 10:55:07 +0200
Processing by Devise::SessionsController#new as HTML
  Rendered /usr/local/lib/ruby/gems/2.2.0/gems/devise-4.2.1/app/views/devise/shared/_links.html.erb (0.3ms)
  Rendered /usr/local/lib/ruby/gems/2.2.0/gems/devise-4.2.1/app/views/devise/sessions/new.html.erb within layouts/application (6.7ms)
Completed 200 OK in 45ms (Views: 42.6ms | ActiveRecord: 0.0ms)


Started GET "/unofficials" for 127.0.0.1 at 2017-04-14 10:55:10 +0200
Processing by UnofficialsController#index as HTML
Completed 401 Unauthorized in 2ms (ActiveRecord: 0.0ms)


Started GET "/users/sign_in" for 127.0.0.1 at 2017-04-14 10:55:10 +0200
Processing by Devise::SessionsController#new as HTML
  Rendered /usr/local/lib/ruby/gems/2.2.0/gems/devise-4.2.1/app/views/devise/shared/_links.html.erb (0.3ms)
  Rendered /usr/local/lib/ruby/gems/2.2.0/gems/devise-4.2.1/app/views/devise/sessions/new.html.erb within layouts/application (6.0ms)
Completed 200 OK in 38ms (Views: 35.9ms | ActiveRecord: 0.0ms)


Started GET "/unofficials" for 127.0.0.1 at 2017-04-14 10:55:10 +0200
Processing by UnofficialsController#index as HTML
Completed 401 Unauthorized in 1ms (ActiveRecord: 0.0ms)


Started GET "/users/sign_in" for 127.0.0.1 at 2017-04-14 10:55:11 +0200
Processing by Devise::SessionsController#new as HTML
  Rendered /usr/local/lib/ruby/gems/2.2.0/gems/devise-4.2.1/app/views/devise/shared/_links.html.erb (0.4ms)
  Rendered /usr/local/lib/ruby/gems/2.2.0/gems/devise-4.2.1/app/views/devise/sessions/new.html.erb within layouts/application (3.7ms)
Completed 200 OK in 28ms (Views: 27.0ms | ActiveRecord: 0.0ms)


Started GET "/users/sign_in" for 127.0.0.1 at 2017-04-14 10:55:12 +0200
Processing by Devise::SessionsController#new as HTML
  Rendered /usr/local/lib/ruby/gems/2.2.0/gems/devise-4.2.1/app/views/devise/shared/_links.html.erb (0.3ms)
  Rendered /usr/local/lib/ruby/gems/2.2.0/gems/devise-4.2.1/app/views/devise/sessions/new.html.erb within layouts/application (7.4ms)
Completed 200 OK in 33ms (Views: 31.7ms | ActiveRecord: 0.0ms)


Started POST "/users/sign_in" for 127.0.0.1 at 2017-04-14 10:55:14 +0200
Processing by Devise::SessionsController#create as HTML
  Parameters: {"utf8"=>"✓", "authenticity_token"=>"1ZnA4RLPRPu/3yVJnShsCv/ZAkcIURnD8/TX1G+Epm0ShRh+RF63oqJNHXtTiiBe8GT3It/ZF3mYpkYRtPn9Vw==", "user"=>{"email"=>"pompeigregorio@gmail.com", "password"=>"[FILTERED]", "remember_me"=>"0"}, "commit"=>"Log in"}
  [1m[35mUser Load (0.5ms)[0m  SELECT  `users`.* FROM `users` WHERE `users`.`email` = 'pompeigregorio@gmail.com'  ORDER BY `users`.`id` ASC LIMIT 1
  [1m[36m (0.2ms)[0m  [1mBEGIN[0m
  [1m[35mSQL (0.3ms)[0m  UPDATE `users` SET `last_sign_in_at` = '2017-04-14 08:55:06', `current_sign_in_at` = '2017-04-14 08:55:14', `sign_in_count` = 3, `updated_at` = '2017-04-14 08:55:14' WHERE `users`.`id` = 1
  [1m[36m (1.2ms)[0m  [1mCOMMIT[0m
Redirected to http://localhost:3000/unofficials
Completed 302 Found in 160ms (ActiveRecord: 2.3ms)


Started GET "/unofficials" for 127.0.0.1 at 2017-04-14 10:55:14 +0200
Processing by UnofficialsController#index as HTML
  [1m[35mUser Load (0.3ms)[0m  SELECT  `users`.* FROM `users` WHERE `users`.`id` = 1  ORDER BY `users`.`id` ASC LIMIT 1
  [1m[36mUnofficial Load (0.2ms)[0m  [1mSELECT `unofficials`.* FROM `unofficials`[0m
  Rendered unofficials/index.html.erb within layouts/application (1.6ms)
Completed 200 OK in 32ms (Views: 28.4ms | ActiveRecord: 0.6ms)


Started GET "/unofficials" for 127.0.0.1 at 2017-04-14 10:55:15 +0200
Processing by UnofficialsController#index as HTML
  [1m[35mUser Load (0.4ms)[0m  SELECT  `users`.* FROM `users` WHERE `users`.`id` = 1  ORDER BY `users`.`id` ASC LIMIT 1
  [1m[36mUnofficial Load (0.2ms)[0m  [1mSELECT `unofficials`.* FROM `unofficials`[0m
  Rendered unofficials/index.html.erb within layouts/application (1.1ms)
Completed 200 OK in 26ms (Views: 20.9ms | ActiveRecord: 0.5ms)


Started GET "/unofficials" for 127.0.0.1 at 2017-04-14 10:56:37 +0200
  [1m[36mActiveRecord::SchemaMigration Load (0.2ms)[0m  [1mSELECT `schema_migrations`.* FROM `schema_migrations`[0m
Processing by UnofficialsController#index as HTML
  [1m[35mUser Load (0.3ms)[0m  SELECT  `users`.* FROM `users` WHERE `users`.`id` = 1  ORDER BY `users`.`id` ASC LIMIT 1
  [1m[36mUnofficial Load (0.2ms)[0m  [1mSELECT `unofficials`.* FROM `unofficials`[0m
  Rendered unofficials/index.html.erb within layouts/application (8.8ms)
Completed 200 OK in 353ms (Views: 304.0ms | ActiveRecord: 7.1ms)


Started DELETE "/users/sign_out" for 127.0.0.1 at 2017-04-14 10:56:43 +0200
Processing by Devise::SessionsController#destroy as HTML
  Parameters: {"authenticity_token"=>"WPZNBzQ5jiy0kmtcV2lv7krUsiVJGI2beKUoWLgVdA/Z77zDsa6/b3oP113xdNYjdl8tAzNH5MUiJv8XZIpaVg=="}
  [1m[35mUser Load (0.2ms)[0m  SELECT  `users`.* FROM `users` WHERE `users`.`id` = 1  ORDER BY `users`.`id` ASC LIMIT 1
  [1m[36m (0.2ms)[0m  [1mBEGIN[0m
  [1m[35m (0.2ms)[0m  COMMIT
Redirected to http://localhost:3000/
Completed 302 Found in 17ms (ActiveRecord: 0.6ms)


Started GET "/" for 127.0.0.1 at 2017-04-14 10:56:43 +0200
Processing by UnofficialsController#index as HTML
Completed 401 Unauthorized in 4ms (ActiveRecord: 0.0ms)


Started GET "/users/sign_in" for 127.0.0.1 at 2017-04-14 10:56:43 +0200
Processing by Devise::SessionsController#new as HTML
  Rendered /usr/local/lib/ruby/gems/2.2.0/gems/devise-4.2.1/app/views/devise/shared/_links.html.erb (1.3ms)
  Rendered /usr/local/lib/ruby/gems/2.2.0/gems/devise-4.2.1/app/views/devise/sessions/new.html.erb within layouts/application (37.7ms)
Completed 200 OK in 67ms (Views: 63.9ms | ActiveRecord: 0.0ms)


Started GET "/users/sign_in" for 127.0.0.1 at 2017-04-14 10:57:30 +0200
  [1m[36mActiveRecord::SchemaMigration Load (0.4ms)[0m  [1mSELECT `schema_migrations`.* FROM `schema_migrations`[0m
Processing by Devise::SessionsController#new as HTML
  Rendered /usr/local/lib/ruby/gems/2.2.0/gems/devise-4.2.1/app/views/devise/shared/_links.html.erb (1.3ms)
  Rendered /usr/local/lib/ruby/gems/2.2.0/gems/devise-4.2.1/app/views/devise/sessions/new.html.erb within layouts/application (51.4ms)
Completed 200 OK in 372ms (Views: 341.6ms | ActiveRecord: 3.5ms)


Started POST "/users/sign_in" for 127.0.0.1 at 2017-04-14 10:57:33 +0200
Processing by Devise::SessionsController#create as HTML
  Parameters: {"utf8"=>"✓", "authenticity_token"=>"f8lo92+8C/325d7wJ5+ZumOqAb6cr5wUSmvOh+mLWbevg3nNiW/bC41tb1DC7VCovTJGeIL+DCMVwVfJN9pg/Q==", "user"=>{"email"=>"pompeigregorio@gmail.com", "password"=>"[FILTERED]", "remember_me"=>"0"}, "commit"=>"Log in"}
  [1m[35mUser Load (0.4ms)[0m  SELECT  `users`.* FROM `users` WHERE `users`.`email` = 'pompeigregorio@gmail.com'  ORDER BY `users`.`id` ASC LIMIT 1
  [1m[36m (0.2ms)[0m  [1mBEGIN[0m
  [1m[35mSQL (0.3ms)[0m  UPDATE `users` SET `last_sign_in_at` = '2017-04-14 08:55:14', `current_sign_in_at` = '2017-04-14 08:57:33', `sign_in_count` = 4, `updated_at` = '2017-04-14 08:57:33' WHERE `users`.`id` = 1
  [1m[36m (1.3ms)[0m  [1mCOMMIT[0m
Redirected to http://localhost:3000/
Completed 302 Found in 178ms (ActiveRecord: 2.2ms)


Started GET "/" for 127.0.0.1 at 2017-04-14 10:57:33 +0200
Processing by UnofficialsController#index as HTML
  [1m[35mUser Load (0.3ms)[0m  SELECT  `users`.* FROM `users` WHERE `users`.`id` = 1  ORDER BY `users`.`id` ASC LIMIT 1
  [1m[36mUnofficial Load (0.2ms)[0m  [1mSELECT `unofficials`.* FROM `unofficials`[0m
  Rendered unofficials/index.html.erb within layouts/application (5.2ms)
Completed 200 OK in 32ms (Views: 23.6ms | ActiveRecord: 3.5ms)


Started DELETE "/users/sign_out" for 127.0.0.1 at 2017-04-14 10:57:34 +0200
Processing by Devise::SessionsController#destroy as HTML
  Parameters: {"authenticity_token"=>"ng7on8GZO2wcdIxmYACTVenWytsLu681tIjIxz+nrAmG0GIOi4z/D6RQ9BAcHAcD2/UKOvFM6tFQs3dxBqPV3Q=="}
  [1m[35mUser Load (0.2ms)[0m  SELECT  `users`.* FROM `users` WHERE `users`.`id` = 1  ORDER BY `users`.`id` ASC LIMIT 1
  [1m[36m (0.2ms)[0m  [1mBEGIN[0m
  [1m[35m (0.3ms)[0m  COMMIT
Redirected to http://localhost:3000/
Completed 302 Found in 9ms (ActiveRecord: 0.7ms)


Started GET "/" for 127.0.0.1 at 2017-04-14 10:57:34 +0200
Processing by UnofficialsController#index as HTML
Completed 401 Unauthorized in 1ms (ActiveRecord: 0.0ms)


Started GET "/users/sign_in" for 127.0.0.1 at 2017-04-14 10:57:34 +0200
Processing by Devise::SessionsController#new as HTML
  Rendered /usr/local/lib/ruby/gems/2.2.0/gems/devise-4.2.1/app/views/devise/shared/_links.html.erb (0.3ms)
  Rendered /usr/local/lib/ruby/gems/2.2.0/gems/devise-4.2.1/app/views/devise/sessions/new.html.erb within layouts/application (4.4ms)
Completed 200 OK in 29ms (Views: 27.2ms | ActiveRecord: 0.0ms)


Started POST "/users/sign_in" for 127.0.0.1 at 2017-04-14 10:57:36 +0200
Processing by Devise::SessionsController#create as HTML
  Parameters: {"utf8"=>"✓", "authenticity_token"=>"J1HdLGsINdZ4nIj01nZzqIU6/7ark6gLj0LC4A4EdbY6RovCc0Uf9WOxrahYuoinVHHL+LjI3ZQxWTFgXVHRwg==", "user"=>{"email"=>"pompeigregorio@gmail.com", "password"=>"[FILTERED]", "remember_me"=>"0"}, "commit"=>"Log in"}
  [1m[36mUser Load (0.6ms)[0m  [1mSELECT  `users`.* FROM `users` WHERE `users`.`email` = 'pompeigregorio@gmail.com'  ORDER BY `users`.`id` ASC LIMIT 1[0m
  [1m[35m (0.2ms)[0m  BEGIN
  [1m[36mSQL (0.3ms)[0m  [1mUPDATE `users` SET `last_sign_in_at` = '2017-04-14 08:57:33', `current_sign_in_at` = '2017-04-14 08:57:36', `sign_in_count` = 5, `updated_at` = '2017-04-14 08:57:36' WHERE `users`.`id` = 1[0m
  [1m[35m (1.2ms)[0m  COMMIT
Redirected to http://localhost:3000/
Completed 302 Found in 142ms (ActiveRecord: 2.3ms)


Started GET "/" for 127.0.0.1 at 2017-04-14 10:57:36 +0200
Processing by UnofficialsController#index as HTML
  [1m[36mUser Load (0.3ms)[0m  [1mSELECT  `users`.* FROM `users` WHERE `users`.`id` = 1  ORDER BY `users`.`id` ASC LIMIT 1[0m
  [1m[35mUnofficial Load (0.2ms)[0m  SELECT `unofficials`.* FROM `unofficials`
  Rendered unofficials/index.html.erb within layouts/application (1.0ms)
Completed 200 OK in 39ms (Views: 35.7ms | ActiveRecord: 0.5ms)
  [1m[36m (12.6ms)[0m  [1mCREATE TABLE `schema_migrations` (`version` varchar(255) NOT NULL) ENGINE=InnoDB[0m
  [1m[35m (27.5ms)[0m  CREATE UNIQUE INDEX `unique_schema_migrations`  ON `schema_migrations` (`version`) 
  [1m[36mActiveRecord::SchemaMigration Load (0.6ms)[0m  [1mSELECT `schema_migrations`.* FROM `schema_migrations`[0m
Migrating to CreateUnofficials (20170413180112)
  [1m[35m (12.1ms)[0m  CREATE TABLE `unofficials` (`id` int(11) auto_increment PRIMARY KEY, `homework` varchar(255), `description` text, `subject` varchar(255), `assigned_by` varchar(255), `assigned_in` date, `assigned_for` date, `created_at` datetime NOT NULL, `updated_at` datetime NOT NULL) ENGINE=InnoDB
  [1m[36m (0.5ms)[0m  [1mBEGIN[0m
  [1m[35mSQL (0.5ms)[0m  INSERT INTO `schema_migrations` (`version`) VALUES ('20170413180112')
  [1m[36m (1.7ms)[0m  [1mCOMMIT[0m
Migrating to DeviseCreateUsers (20170414084333)
  [1m[35m (9.9ms)[0m  CREATE TABLE `users` (`id` int(11) auto_increment PRIMARY KEY, `email` varchar(255) DEFAULT '' NOT NULL, `encrypted_password` varchar(255) DEFAULT '' NOT NULL, `reset_password_token` varchar(255), `reset_password_sent_at` datetime, `remember_created_at` datetime, `sign_in_count` int(11) DEFAULT 0 NOT NULL, `current_sign_in_at` datetime, `last_sign_in_at` datetime, `current_sign_in_ip` varchar(255), `last_sign_in_ip` varchar(255), `created_at` datetime NOT NULL, `updated_at` datetime NOT NULL) ENGINE=InnoDB
  [1m[36m (27.0ms)[0m  [1mCREATE UNIQUE INDEX `index_users_on_email`  ON `users` (`email`) [0m
  [1m[35m (32.6ms)[0m  CREATE UNIQUE INDEX `index_users_on_reset_password_token`  ON `users` (`reset_password_token`) 
  [1m[36m (0.5ms)[0m  [1mBEGIN[0m
  [1m[35mSQL (0.5ms)[0m  INSERT INTO `schema_migrations` (`version`) VALUES ('20170414084333')
  [1m[36m (1.9ms)[0m  [1mCOMMIT[0m
  [1m[35mActiveRecord::SchemaMigration Load (0.9ms)[0m  SELECT `schema_migrations`.* FROM `schema_migrations`
  [1m[36m (0.9ms)[0m  [1mSELECT fk.referenced_table_name as 'to_table'
      ,fk.referenced_column_name as 'primary_key'
      ,fk.column_name as 'column'
      ,fk.constraint_name as 'name'
FROM information_schema.key_column_usage fk
WHERE fk.referenced_column_name is not null
  AND fk.table_schema = 'homework_development'
  AND fk.table_name = 'unofficials'
[0m
  [1m[35m (0.5ms)[0m  SHOW CREATE TABLE `unofficials`
  [1m[36m (0.8ms)[0m  [1mSELECT fk.referenced_table_name as 'to_table'
      ,fk.referenced_column_name as 'primary_key'
      ,fk.column_name as 'column'
      ,fk.constraint_name as 'name'
FROM information_schema.key_column_usage fk
WHERE fk.referenced_column_name is not null
  AND fk.table_schema = 'homework_development'
  AND fk.table_name = 'users'
[0m
  [1m[35m (0.5ms)[0m  SHOW CREATE TABLE `users`


Started GET "/" for 127.0.0.1 at 2017-04-24 12:56:24 +0200
  [1m[36mActiveRecord::SchemaMigration Load (0.5ms)[0m  [1mSELECT `schema_migrations`.* FROM `schema_migrations`[0m
Processing by UnofficialsController#index as HTML
Completed 401 Unauthorized in 88ms (ActiveRecord: 0.0ms)


Started GET "/users/sign_in" for 127.0.0.1 at 2017-04-24 12:56:25 +0200
Processing by Devise::SessionsController#new as HTML
  Rendered /usr/local/lib/ruby/gems/2.2.0/gems/devise-4.2.1/app/views/devise/shared/_links.html.erb (4.6ms)
  Rendered /usr/local/lib/ruby/gems/2.2.0/gems/devise-4.2.1/app/views/devise/sessions/new.html.erb within layouts/application (160.7ms)
Completed 200 OK in 2230ms (Views: 2167.9ms | ActiveRecord: 11.4ms)


Started POST "/users/sign_in" for 127.0.0.1 at 2017-04-24 12:56:31 +0200
Processing by Devise::SessionsController#create as HTML
  Parameters: {"utf8"=>"✓", "authenticity_token"=>"HmUpaUeFzeOkDUlxX89y6OMGbaNtASn0lc88b/0IwGsx7jgwNSFtxoeJ+FO/PKSJBlAdT4jTCmYu6vS1iOQdlw==", "user"=>{"email"=>"pompeigregorio@gmail.com", "password"=>"[FILTERED]", "remember_me"=>"0"}, "commit"=>"Log in"}
  [1m[35mUser Load (1.0ms)[0m  SELECT  `users`.* FROM `users` WHERE `users`.`email` = 'pompeigregorio@gmail.com'  ORDER BY `users`.`id` ASC LIMIT 1
Completed 401 Unauthorized in 44ms (ActiveRecord: 1.0ms)
Processing by Devise::SessionsController#new as HTML
  Parameters: {"utf8"=>"✓", "authenticity_token"=>"HmUpaUeFzeOkDUlxX89y6OMGbaNtASn0lc88b/0IwGsx7jgwNSFtxoeJ+FO/PKSJBlAdT4jTCmYu6vS1iOQdlw==", "user"=>{"email"=>"pompeigregorio@gmail.com", "password"=>"[FILTERED]", "remember_me"=>"0"}, "commit"=>"Log in"}
  Rendered /usr/local/lib/ruby/gems/2.2.0/gems/devise-4.2.1/app/views/devise/shared/_links.html.erb (1.1ms)
  Rendered /usr/local/lib/ruby/gems/2.2.0/gems/devise-4.2.1/app/views/devise/sessions/new.html.erb within layouts/application (12.4ms)
Completed 200 OK in 627ms (Views: 81.0ms | ActiveRecord: 0.0ms)


Started GET "/users/sign_up" for 127.0.0.1 at 2017-04-24 12:56:34 +0200
Processing by Devise::RegistrationsController#new as HTML
  Rendered /usr/local/lib/ruby/gems/2.2.0/gems/devise-4.2.1/app/views/devise/shared/_links.html.erb (1.4ms)
  Rendered /usr/local/lib/ruby/gems/2.2.0/gems/devise-4.2.1/app/views/devise/registrations/new.html.erb within layouts/application (35.5ms)
Completed 200 OK in 284ms (Views: 279.7ms | ActiveRecord: 0.0ms)


Started POST "/users" for 127.0.0.1 at 2017-04-24 12:56:39 +0200
Processing by Devise::RegistrationsController#create as HTML
  Parameters: {"utf8"=>"✓", "authenticity_token"=>"Qe3Y1nTDlGxK4p9wMEkq9Rj4sqMlEPXUqdIO3ZKdiHZuZsmPBmc0SWlmLlLQuvyU/a7CT8DC1kYS98YH53FVig==", "user"=>{"email"=>"pompeigregorio@gmail.com", "password"=>"[FILTERED]", "password_confirmation"=>"[FILTERED]"}, "commit"=>"Sign up"}
  [1m[36m (0.4ms)[0m  [1mBEGIN[0m
  [1m[35mUser Exists (2.9ms)[0m  SELECT  1 AS one FROM `users` WHERE `users`.`email` = BINARY 'pompeigregorio@gmail.com' LIMIT 1
  [1m[36mSQL (0.7ms)[0m  [1mINSERT INTO `users` (`email`, `encrypted_password`, `created_at`, `updated_at`) VALUES ('pompeigregorio@gmail.com', '$2a$11$BObnJZwEhJZCvdCMlA65IOAZOxeFVev7Uyijfx3KUWtpdm6VvB1S.', '2017-04-24 10:56:40', '2017-04-24 10:56:40')[0m
  [1m[35m (2.2ms)[0m  COMMIT
  [1m[36m (0.5ms)[0m  [1mBEGIN[0m
  [1m[35mSQL (2.7ms)[0m  UPDATE `users` SET `last_sign_in_at` = '2017-04-24 10:56:40', `current_sign_in_at` = '2017-04-24 10:56:40', `last_sign_in_ip` = '127.0.0.1', `current_sign_in_ip` = '127.0.0.1', `sign_in_count` = 1, `updated_at` = '2017-04-24 10:56:40' WHERE `users`.`id` = 1
  [1m[36m (2.4ms)[0m  [1mCOMMIT[0m
Redirected to http://localhost:3000/
Completed 302 Found in 582ms (ActiveRecord: 11.7ms)


Started GET "/" for 127.0.0.1 at 2017-04-24 12:56:40 +0200
Processing by UnofficialsController#index as HTML
  [1m[35mUser Load (1.1ms)[0m  SELECT  `users`.* FROM `users` WHERE `users`.`id` = 1  ORDER BY `users`.`id` ASC LIMIT 1
  [1m[36mUnofficial Load (0.7ms)[0m  [1mSELECT `unofficials`.* FROM `unofficials`[0m
  Rendered unofficials/index.html.erb within layouts/application (18.0ms)
Completed 200 OK in 96ms (Views: 72.2ms | ActiveRecord: 12.8ms)


Started GET "/unofficials/new" for 127.0.0.1 at 2017-04-24 12:56:47 +0200
Processing by UnofficialsController#new as HTML
  [1m[35mUser Load (0.4ms)[0m  SELECT  `users`.* FROM `users` WHERE `users`.`id` = 1  ORDER BY `users`.`id` ASC LIMIT 1
  Rendered unofficials/_form.html.erb (56.6ms)
  Rendered unofficials/new.html.erb within layouts/application (61.3ms)
Completed 200 OK in 161ms (Views: 137.6ms | ActiveRecord: 1.0ms)


Started GET "/" for 127.0.0.1 at 2017-04-24 13:14:35 +0200
  [1m[36mActiveRecord::SchemaMigration Load (0.9ms)[0m  [1mSELECT `schema_migrations`.* FROM `schema_migrations`[0m
Processing by UnofficialsController#index as HTML
  [1m[35mUser Load (4.7ms)[0m  SELECT  `users`.* FROM `users` WHERE `users`.`id` = 1  ORDER BY `users`.`id` ASC LIMIT 1
  [1m[36mUnofficial Load (0.6ms)[0m  [1mSELECT `unofficials`.* FROM `unofficials`[0m
  Rendered unofficials/index.html.erb within layouts/application (76.0ms)
Completed 200 OK in 1559ms (Views: 1219.3ms | ActiveRecord: 51.4ms)


Started GET "/unofficials/new" for 127.0.0.1 at 2017-04-24 13:16:15 +0200
Processing by UnofficialsController#new as HTML
  [1m[35mUser Load (0.6ms)[0m  SELECT  `users`.* FROM `users` WHERE `users`.`id` = 1  ORDER BY `users`.`id` ASC LIMIT 1
  Rendered unofficials/_form.html.erb (140.0ms)
  Rendered unofficials/new.html.erb within layouts/application (166.7ms)
Completed 200 OK in 273ms (Views: 245.0ms | ActiveRecord: 1.5ms)


Started POST "/unofficials" for 127.0.0.1 at 2017-04-24 13:16:31 +0200
Processing by UnofficialsController#create as HTML
  Parameters: {"utf8"=>"✓", "authenticity_token"=>"poqqP5S8KHxeKXeE7xjQE21tdic82ScukK7ZKcPUC5CJAbtm5hiIWX2txqYP6wZyiDsGy9kLBLwrixHztjjWbA==", "unofficial"=>{"homework"=>"greg", "description"=>"greg", "subject"=>"greg", "assigned_by"=>"greg", "assigned_in(1i)"=>"2017", "assigned_in(2i)"=>"4", "assigned_in(3i)"=>"24", "assigned_for(1i)"=>"2017", "assigned_for(2i)"=>"4", "assigned_for(3i)"=>"27"}, "commit"=>"Create Unofficial"}
  [1m[36mUser Load (0.6ms)[0m  [1mSELECT  `users`.* FROM `users` WHERE `users`.`id` = 1  ORDER BY `users`.`id` ASC LIMIT 1[0m
  [1m[35m (0.3ms)[0m  BEGIN
  [1m[36mSQL (3.4ms)[0m  [1mINSERT INTO `unofficials` (`homework`, `description`, `subject`, `assigned_by`, `assigned_in`, `assigned_for`, `created_at`, `updated_at`) VALUES ('greg', 'greg', 'greg', 'greg', '2017-04-24', '2017-04-27', '2017-04-24 11:16:31', '2017-04-24 11:16:31')[0m
  [1m[35m (2.0ms)[0m  COMMIT
Redirected to http://localhost:3000/unofficials/1
Completed 302 Found in 33ms (ActiveRecord: 6.3ms)


Started GET "/unofficials/1" for 127.0.0.1 at 2017-04-24 13:16:31 +0200
Processing by UnofficialsController#show as HTML
  Parameters: {"id"=>"1"}
  [1m[36mUser Load (1.6ms)[0m  [1mSELECT  `users`.* FROM `users` WHERE `users`.`id` = 1  ORDER BY `users`.`id` ASC LIMIT 1[0m
  [1m[35mUnofficial Load (1.1ms)[0m  SELECT  `unofficials`.* FROM `unofficials` WHERE `unofficials`.`id` = 1 LIMIT 1
  Rendered unofficials/show.html.erb within layouts/application (2.6ms)
Completed 200 OK in 206ms (Views: 181.1ms | ActiveRecord: 2.8ms)


Started GET "/unofficials" for 127.0.0.1 at 2017-04-24 13:16:37 +0200
Processing by UnofficialsController#index as HTML
  [1m[36mUser Load (0.5ms)[0m  [1mSELECT  `users`.* FROM `users` WHERE `users`.`id` = 1  ORDER BY `users`.`id` ASC LIMIT 1[0m
  [1m[35mUnofficial Load (0.9ms)[0m  SELECT `unofficials`.* FROM `unofficials`
  Rendered unofficials/index.html.erb within layouts/application (5.1ms)
Completed 200 OK in 63ms (Views: 56.5ms | ActiveRecord: 1.4ms)


Started GET "/unofficials/1" for 127.0.0.1 at 2017-04-24 13:16:39 +0200
Processing by UnofficialsController#show as HTML
  Parameters: {"id"=>"1"}
  [1m[36mUser Load (1.4ms)[0m  [1mSELECT  `users`.* FROM `users` WHERE `users`.`id` = 1  ORDER BY `users`.`id` ASC LIMIT 1[0m
  [1m[35mUnofficial Load (0.5ms)[0m  SELECT  `unofficials`.* FROM `unofficials` WHERE `unofficials`.`id` = 1 LIMIT 1
  Rendered unofficials/show.html.erb within layouts/application (1.5ms)
Completed 200 OK in 98ms (Views: 71.3ms | ActiveRecord: 1.9ms)


Started GET "/unofficials" for 127.0.0.1 at 2017-04-24 13:16:42 +0200
Processing by UnofficialsController#index as HTML
  [1m[36mUser Load (0.5ms)[0m  [1mSELECT  `users`.* FROM `users` WHERE `users`.`id` = 1  ORDER BY `users`.`id` ASC LIMIT 1[0m
  [1m[35mUnofficial Load (0.5ms)[0m  SELECT `unofficials`.* FROM `unofficials`
  Rendered unofficials/index.html.erb within layouts/application (4.5ms)
Completed 200 OK in 73ms (Views: 63.7ms | ActiveRecord: 1.0ms)


Started GET "/unofficials/1" for 127.0.0.1 at 2017-04-24 13:16:42 +0200
Processing by UnofficialsController#show as HTML
  Parameters: {"id"=>"1"}
  [1m[36mUser Load (0.5ms)[0m  [1mSELECT  `users`.* FROM `users` WHERE `users`.`id` = 1  ORDER BY `users`.`id` ASC LIMIT 1[0m
  [1m[35mUnofficial Load (0.5ms)[0m  SELECT  `unofficials`.* FROM `unofficials` WHERE `unofficials`.`id` = 1 LIMIT 1
  Rendered unofficials/show.html.erb within layouts/application (0.9ms)
Completed 200 OK in 91ms (Views: 81.0ms | ActiveRecord: 1.0ms)


Started GET "/unofficials/1/edit" for 127.0.0.1 at 2017-04-24 13:16:44 +0200
Processing by UnofficialsController#edit as HTML
  Parameters: {"id"=>"1"}
  [1m[36mUser Load (0.5ms)[0m  [1mSELECT  `users`.* FROM `users` WHERE `users`.`id` = 1  ORDER BY `users`.`id` ASC LIMIT 1[0m
  [1m[35mUnofficial Load (0.4ms)[0m  SELECT  `unofficials`.* FROM `unofficials` WHERE `unofficials`.`id` = 1 LIMIT 1
  Rendered unofficials/_form.html.erb (24.4ms)
  Rendered unofficials/edit.html.erb within layouts/application (29.7ms)
Completed 200 OK in 118ms (Views: 109.1ms | ActiveRecord: 0.9ms)


Started PATCH "/unofficials/1" for 127.0.0.1 at 2017-04-24 13:16:51 +0200
Processing by UnofficialsController#update as HTML
  Parameters: {"utf8"=>"✓", "authenticity_token"=>"8awwybyF2UnBqwa0Bel94E0y/cvgI9usJfBY6Wejw3veJyGQziF5bOIvt5blGquBqGSNJwXx+D6e1ZAzEk8ehw==", "unofficial"=>{"homework"=>"greg", "description"=>"gciao\r\n", "subject"=>"greg", "assigned_by"=>"greg", "assigned_in(1i)"=>"2017", "assigned_in(2i)"=>"4", "assigned_in(3i)"=>"24", "assigned_for(1i)"=>"2017", "assigned_for(2i)"=>"4", "assigned_for(3i)"=>"27"}, "commit"=>"Update Unofficial", "id"=>"1"}
  [1m[36mUser Load (0.5ms)[0m  [1mSELECT  `users`.* FROM `users` WHERE `users`.`id` = 1  ORDER BY `users`.`id` ASC LIMIT 1[0m
  [1m[35mUnofficial Load (1.1ms)[0m  SELECT  `unofficials`.* FROM `unofficials` WHERE `unofficials`.`id` = 1 LIMIT 1
  [1m[36m (0.5ms)[0m  [1mBEGIN[0m
  [1m[35mSQL (0.9ms)[0m  UPDATE `unofficials` SET `description` = 'gciao\r\n', `updated_at` = '2017-04-24 11:16:51' WHERE `unofficials`.`id` = 1
  [1m[36m (2.3ms)[0m  [1mCOMMIT[0m
Redirected to http://localhost:3000/unofficials/1
Completed 302 Found in 33ms (ActiveRecord: 5.2ms)


Started GET "/unofficials/1" for 127.0.0.1 at 2017-04-24 13:16:51 +0200
Processing by UnofficialsController#show as HTML
  Parameters: {"id"=>"1"}
  [1m[35mUser Load (0.5ms)[0m  SELECT  `users`.* FROM `users` WHERE `users`.`id` = 1  ORDER BY `users`.`id` ASC LIMIT 1
  [1m[36mUnofficial Load (1.2ms)[0m  [1mSELECT  `unofficials`.* FROM `unofficials` WHERE `unofficials`.`id` = 1 LIMIT 1[0m
  Rendered unofficials/show.html.erb within layouts/application (2.2ms)
Completed 200 OK in 93ms (Views: 80.1ms | ActiveRecord: 1.7ms)


Started GET "/unofficials" for 127.0.0.1 at 2017-04-24 13:16:55 +0200
Processing by UnofficialsController#index as HTML
  [1m[35mUser Load (0.5ms)[0m  SELECT  `users`.* FROM `users` WHERE `users`.`id` = 1  ORDER BY `users`.`id` ASC LIMIT 1
  [1m[36mUnofficial Load (2.4ms)[0m  [1mSELECT `unofficials`.* FROM `unofficials`[0m
  Rendered unofficials/index.html.erb within layouts/application (9.0ms)
Completed 200 OK in 120ms (Views: 108.2ms | ActiveRecord: 3.0ms)


Started DELETE "/unofficials/1" for 127.0.0.1 at 2017-04-24 13:16:57 +0200
Processing by UnofficialsController#destroy as HTML
  Parameters: {"authenticity_token"=>"i2270OPWWElBhTq9nvU1IibVfxUZPWSVcQbtTW8R70ik5qqJkXL4bGIBi59+BuNDw4MP+fzvRwfKIyWXGv0ytA==", "id"=>"1"}
  [1m[35mUser Load (0.4ms)[0m  SELECT  `users`.* FROM `users` WHERE `users`.`id` = 1  ORDER BY `users`.`id` ASC LIMIT 1
  [1m[36mUnofficial Load (0.4ms)[0m  [1mSELECT  `unofficials`.* FROM `unofficials` WHERE `unofficials`.`id` = 1 LIMIT 1[0m
  [1m[35m (0.5ms)[0m  BEGIN
  [1m[36mSQL (1.8ms)[0m  [1mDELETE FROM `unofficials` WHERE `unofficials`.`id` = 1[0m
  [1m[35m (1.9ms)[0m  COMMIT
Redirected to http://localhost:3000/unofficials
Completed 302 Found in 25ms (ActiveRecord: 4.9ms)


Started GET "/unofficials" for 127.0.0.1 at 2017-04-24 13:16:57 +0200
Processing by UnofficialsController#index as HTML
  [1m[36mUser Load (0.5ms)[0m  [1mSELECT  `users`.* FROM `users` WHERE `users`.`id` = 1  ORDER BY `users`.`id` ASC LIMIT 1[0m
  [1m[35mUnofficial Load (0.7ms)[0m  SELECT `unofficials`.* FROM `unofficials`
  Rendered unofficials/index.html.erb within layouts/application (3.9ms)
Completed 200 OK in 90ms (Views: 83.3ms | ActiveRecord: 1.2ms)
